2025-05-04 02:02:06,236 - india_coupon_scraper - INFO - Starting Indian coupon image collection from 1 subreddits
2025-05-04 02:02:06,236 - india_coupon_scraper - INFO - Searching for 'coupon' in r/CouponsIndia
2025-05-04 02:02:07,832 - india_coupon_scraper - INFO - Found 15 potential images
2025-05-04 02:02:07,945 - india_coupon_scraper - INFO - Downloaded image: swiggy_20250504_fjp1qzqm.jpeg
2025-05-04 02:02:08,053 - india_coupon_scraper - INFO - Downloaded image: lenskart_20250504_de2viea7.jpeg
2025-05-04 02:02:08,118 - india_coupon_scraper - INFO - Downloaded image: other_20250504_zur280bx.jpeg
2025-05-04 02:02:08,241 - india_coupon_scraper - INFO - Downloaded image: other_20250504_dtupb4th.png
2025-05-04 02:02:08,387 - india_coupon_scraper - INFO - Downloaded image: other_20250504_imrshqth.png
2025-05-04 02:02:08,497 - india_coupon_scraper - INFO - Downloaded image: other_20250504_yvzaez5f.jpeg
2025-05-04 02:02:09,077 - india_coupon_scraper - INFO - Downloaded image: other_20250504_t9byxz3g.jpg
2025-05-04 02:02:09,570 - india_coupon_scraper - INFO - Downloaded image: other_20250504_6tiu2hsz.jpg
2025-05-04 02:02:11,450 - india_coupon_scraper - INFO - Downloaded image: lenskart_20250504_g8qrjy0j.jpg
2025-05-04 02:02:13,317 - india_coupon_scraper - INFO - Downloaded image: lenskart_20250504_wbe64jkj.jpg
2025-05-04 02:02:15,043 - india_coupon_scraper - INFO - Downloaded image: lenskart_20250504_58181fsm.jpg
2025-05-04 02:02:16,020 - india_coupon_scraper - INFO - Downloaded image: gpay_20250504_94kmjdei.jpg
2025-05-04 02:02:16,623 - india_coupon_scraper - INFO - Downloaded image: gpay_20250504_uxzq6r4j.jpg
2025-05-04 02:02:17,207 - india_coupon_scraper - INFO - Downloaded image: gpay_20250504_fg5ggupa.jpg
2025-05-04 02:02:17,277 - india_coupon_scraper - INFO - Downloaded image: other_20250504_wlbxdst9.jpeg
2025-05-04 02:02:19,289 - india_coupon_scraper - INFO - Searching for 'code' in r/CouponsIndia
2025-05-04 02:02:20,649 - india_coupon_scraper - INFO - Found 5 potential images
2025-05-04 02:02:20,751 - india_coupon_scraper - INFO - Downloaded image: swiggy_20250504_sddrijhf.jpeg
2025-05-04 02:02:20,915 - india_coupon_scraper - INFO - Downloaded image: cred_20250504_qxf3t0iy.jpeg
2025-05-04 02:02:21,379 - india_coupon_scraper - INFO - Downloaded image: zomato_20250504_hpep2cok.png
2025-05-04 02:02:21,797 - india_coupon_scraper - INFO - Downloaded image: other_20250504_xxadrucc.png
2025-05-04 02:02:22,164 - india_coupon_scraper - INFO - Downloaded image: other_20250504_x9ia3pw7.png
2025-05-04 02:02:24,175 - india_coupon_scraper - INFO - Searching for 'discount' in r/CouponsIndia
2025-05-04 02:02:24,781 - india_coupon_scraper - INFO - Found 2 potential images
2025-05-04 02:02:24,910 - india_coupon_scraper - INFO - Downloaded image: cred_20250504_0b4isef5.jpeg
2025-05-04 02:02:25,464 - india_coupon_scraper - INFO - Downloaded image: other_20250504_cau2w9tp.jpg
2025-05-04 02:02:27,472 - india_coupon_scraper - INFO - Searching for 'offer' in r/CouponsIndia
2025-05-04 02:02:28,411 - india_coupon_scraper - INFO - Found 4 potential images
2025-05-04 02:02:28,562 - india_coupon_scraper - INFO - Downloaded image: other_20250504_uo8jt6xf.png
2025-05-04 02:02:28,663 - india_coupon_scraper - INFO - Downloaded image: other_20250504_e199v6lu.png
2025-05-04 02:02:28,748 - india_coupon_scraper - INFO - Downloaded image: other_20250504_kb1rj7ju.jpg
2025-05-04 02:02:28,823 - india_coupon_scraper - INFO - Downloaded image: other_20250504_f12rbn5l.jpg
2025-05-04 02:02:30,837 - india_coupon_scraper - INFO - Searching for 'cashback' in r/CouponsIndia
2025-05-04 02:02:31,687 - india_coupon_scraper - INFO - Found 6 potential images
2025-05-04 02:02:31,796 - india_coupon_scraper - INFO - Downloaded image: gpay_20250504_2dx01m1x.jpg
2025-05-04 02:02:31,881 - india_coupon_scraper - INFO - Downloaded image: gpay_20250504_xu45on3k.jpg
2025-05-04 02:02:32,065 - india_coupon_scraper - INFO - Downloaded image: gpay_20250504_rt9puh0m.jpg
2025-05-04 02:02:32,163 - india_coupon_scraper - INFO - Downloaded image: other_20250504_5mrlkbtk.jpeg
2025-05-04 02:02:32,291 - india_coupon_scraper - INFO - Downloaded image: other_20250504_tepie6ur.jpg
2025-05-04 02:02:33,020 - india_coupon_scraper - INFO - Downloaded image: other_20250504_fshv29ao.jpg
2025-05-04 02:02:35,042 - india_coupon_scraper - INFO - Searching for 'zomato' in r/CouponsIndia
2025-05-04 02:02:35,578 - india_coupon_scraper - INFO - Found 4 potential images
2025-05-04 02:02:35,670 - india_coupon_scraper - INFO - Downloaded image: gpay_20250504_9fr50hf7.jpg
2025-05-04 02:02:35,771 - india_coupon_scraper - INFO - Downloaded image: gpay_20250504_mu4e7m2f.jpg
2025-05-04 02:02:35,891 - india_coupon_scraper - INFO - Downloaded image: gpay_20250504_54o8b641.jpg
2025-05-04 02:02:36,010 - india_coupon_scraper - INFO - Downloaded image: zomato_20250504_6duofmux.png
2025-05-04 02:02:38,020 - india_coupon_scraper - INFO - Searching for 'swiggy' in r/CouponsIndia
2025-05-04 02:02:38,583 - india_coupon_scraper - INFO - Found 4 potential images
2025-05-04 02:02:38,672 - india_coupon_scraper - INFO - Downloaded image: swiggy_20250504_s2vlzm06.jpeg
2025-05-04 02:02:38,766 - india_coupon_scraper - INFO - Downloaded image: gpay_20250504_sa7li2st.jpg
2025-05-04 02:02:38,893 - india_coupon_scraper - INFO - Downloaded image: gpay_20250504_m6tsmyxt.jpg
2025-05-04 02:02:38,982 - india_coupon_scraper - INFO - Downloaded image: gpay_20250504_ra2byxut.jpg
2025-05-04 02:02:40,995 - india_coupon_scraper - INFO - Searching for 'phonepe' in r/CouponsIndia
2025-05-04 02:02:41,408 - india_coupon_scraper - INFO - Found 1 potential images
2025-05-04 02:02:41,864 - india_coupon_scraper - INFO - Downloaded image: phonepe_20250504_jbvi2iy1.jpeg
2025-05-04 02:02:43,871 - india_coupon_scraper - INFO - Searching for 'paytm' in r/CouponsIndia
2025-05-04 02:02:44,423 - india_coupon_scraper - INFO - Found 0 potential images
2025-05-04 02:02:46,428 - india_coupon_scraper - INFO - Searching for 'gpay' in r/CouponsIndia
2025-05-04 02:02:46,919 - india_coupon_scraper - INFO - Found 4 potential images
2025-05-04 02:02:47,015 - india_coupon_scraper - INFO - Downloaded image: gpay_20250504_8fq0rdk5.jpg
2025-05-04 02:02:47,136 - india_coupon_scraper - INFO - Downloaded image: gpay_20250504_3820pmjz.jpg
2025-05-04 02:02:47,245 - india_coupon_scraper - INFO - Downloaded image: gpay_20250504_wl2jneh0.jpg
2025-05-04 02:02:47,344 - india_coupon_scraper - INFO - Downloaded image: zomato_20250504_twlo42j0.png
2025-05-04 02:02:49,357 - india_coupon_scraper - INFO - Searching for 'myntra' in r/CouponsIndia
2025-05-04 02:02:49,823 - india_coupon_scraper - INFO - Found 0 potential images
2025-05-04 02:02:51,832 - india_coupon_scraper - INFO - Searching for 'ajio' in r/CouponsIndia
2025-05-04 02:02:52,268 - india_coupon_scraper - INFO - Found 0 potential images
2025-05-04 02:02:54,279 - india_coupon_scraper - INFO - Searching for 'flipkart' in r/CouponsIndia
2025-05-04 02:02:54,863 - india_coupon_scraper - INFO - Found 0 potential images
2025-05-04 02:02:56,869 - india_coupon_scraper - INFO - Searching for 'amazon' in r/CouponsIndia
2025-05-04 02:02:57,321 - india_coupon_scraper - INFO - Found 0 potential images
2025-05-04 02:02:59,330 - india_coupon_scraper - INFO - Collection complete. Downloaded 45 images.
2025-05-04 02:12:17,318 - india_coupon_scraper - INFO - Starting Indian coupon image collection from 1 subreddits
2025-05-04 02:12:17,318 - india_coupon_scraper - INFO - Searching for 'coupon' in r/CouponsIndia
2025-05-04 02:12:18,111 - india_coupon_scraper - INFO - Found 6 potential images
2025-05-04 02:12:18,757 - india_coupon_scraper - INFO - Downloaded image: swiggy_20250504_bma3x9vf.jpeg
2025-05-04 02:12:19,185 - india_coupon_scraper - INFO - Downloaded image: lenskart_20250504_1cbju9wg.jpeg
2025-05-04 02:12:19,399 - india_coupon_scraper - INFO - Downloaded image: other_20250504_p8urt2au.jpeg
2025-05-04 02:12:19,908 - india_coupon_scraper - INFO - Downloaded image: other_20250504_5o3pouh5.png
2025-05-04 02:12:20,398 - india_coupon_scraper - INFO - Downloaded image: other_20250504_65wm5iqy.png
2025-05-04 02:12:20,818 - india_coupon_scraper - INFO - Downloaded image: other_20250504_ktx1kx4q.jpeg
2025-05-04 02:12:22,824 - india_coupon_scraper - INFO - Searching for 'code' in r/CouponsIndia
2025-05-04 02:12:23,607 - india_coupon_scraper - INFO - Found 3 potential images
2025-05-04 02:12:24,006 - india_coupon_scraper - INFO - Downloaded image: swiggy_20250504_7y7ghahv.jpeg
2025-05-04 02:12:24,459 - india_coupon_scraper - INFO - Downloaded image: cred_20250504_iulugwb0.jpeg
2025-05-04 02:12:24,811 - india_coupon_scraper - INFO - Downloaded image: zomato_20250504_2cnhhza7.png
2025-05-04 02:12:26,821 - india_coupon_scraper - INFO - Searching for 'discount' in r/CouponsIndia
2025-05-04 02:12:27,561 - india_coupon_scraper - INFO - Found 2 potential images
2025-05-04 02:12:28,033 - india_coupon_scraper - INFO - Downloaded image: cred_20250504_5bgk75ze.jpeg
2025-05-04 02:12:29,211 - india_coupon_scraper - INFO - Downloaded image: other_20250504_kr38y5kc.jpg
2025-05-04 02:12:31,217 - india_coupon_scraper - INFO - Searching for 'offer' in r/CouponsIndia
2025-05-04 02:12:31,985 - india_coupon_scraper - INFO - Found 4 potential images
2025-05-04 02:12:32,629 - india_coupon_scraper - INFO - Downloaded image: other_20250504_g22a8nyg.png
2025-05-04 02:12:33,110 - india_coupon_scraper - INFO - Downloaded image: other_20250504_l1eb337w.png
2025-05-04 02:12:33,833 - india_coupon_scraper - INFO - Downloaded image: other_20250504_65nx861p.jpg
2025-05-04 02:12:34,647 - india_coupon_scraper - INFO - Downloaded image: other_20250504_rjwlyptd.jpg
2025-05-04 02:12:36,654 - india_coupon_scraper - INFO - Searching for 'cashback' in r/CouponsIndia
2025-05-04 02:12:37,361 - india_coupon_scraper - INFO - Found 6 potential images
2025-05-04 02:12:38,361 - india_coupon_scraper - INFO - Downloaded image: gpay_20250504_3uz9y569.jpg
2025-05-04 02:12:39,201 - india_coupon_scraper - INFO - Downloaded image: gpay_20250504_3r7xblb2.jpg
2025-05-04 02:12:39,991 - india_coupon_scraper - INFO - Downloaded image: gpay_20250504_2pye4la9.jpg
2025-05-04 02:12:40,769 - india_coupon_scraper - INFO - Downloaded image: other_20250504_ohyunbrc.jpeg
2025-05-04 02:12:41,697 - india_coupon_scraper - INFO - Downloaded image: other_20250504_1nbrnv7z.jpg
2025-05-04 02:12:42,849 - india_coupon_scraper - INFO - Downloaded image: other_20250504_xu81amv6.jpg
2025-05-04 02:12:44,855 - india_coupon_scraper - INFO - Searching for 'zomato' in r/CouponsIndia
2025-05-04 02:12:45,704 - india_coupon_scraper - INFO - Found 4 potential images
2025-05-04 02:12:46,725 - india_coupon_scraper - INFO - Downloaded image: gpay_20250504_j6eid2ue.jpg
2025-05-04 02:12:47,590 - india_coupon_scraper - INFO - Downloaded image: gpay_20250504_0f6mctc2.jpg
2025-05-04 02:12:48,302 - india_coupon_scraper - INFO - Downloaded image: gpay_20250504_caw4hb48.jpg
2025-05-04 02:12:49,358 - india_coupon_scraper - INFO - Downloaded image: zomato_20250504_jrkyrk5i.png
2025-05-04 02:12:51,365 - india_coupon_scraper - INFO - Searching for 'swiggy' in r/CouponsIndia
2025-05-04 02:12:52,038 - india_coupon_scraper - INFO - Found 4 potential images
2025-05-04 02:12:53,007 - india_coupon_scraper - INFO - Downloaded image: swiggy_20250504_5odclpx2.jpeg
2025-05-04 02:12:53,883 - india_coupon_scraper - INFO - Downloaded image: gpay_20250504_8yzk2lps.jpg
2025-05-04 02:12:54,724 - india_coupon_scraper - INFO - Downloaded image: gpay_20250504_1lfl2yyq.jpg
2025-05-04 02:12:55,545 - india_coupon_scraper - INFO - Downloaded image: gpay_20250504_rnj4sx38.jpg
2025-05-04 02:12:57,553 - india_coupon_scraper - INFO - Searching for 'phonepe' in r/CouponsIndia
2025-05-04 02:12:58,272 - india_coupon_scraper - INFO - Found 1 potential images
2025-05-04 02:12:59,586 - india_coupon_scraper - INFO - Downloaded image: phonepe_20250504_fzzx6p2v.jpeg
2025-05-04 02:13:01,594 - india_coupon_scraper - INFO - Searching for 'paytm' in r/CouponsIndia
2025-05-04 02:13:02,283 - india_coupon_scraper - INFO - Found 0 potential images
2025-05-04 02:13:04,289 - india_coupon_scraper - INFO - Searching for 'gpay' in r/CouponsIndia
2025-05-04 02:13:04,951 - india_coupon_scraper - INFO - Found 4 potential images
2025-05-04 02:13:05,786 - india_coupon_scraper - INFO - Downloaded image: gpay_20250504_hn4qsf67.jpg
2025-05-04 02:13:06,535 - india_coupon_scraper - INFO - Downloaded image: gpay_20250504_sa8gtplk.jpg
2025-05-04 02:13:07,221 - india_coupon_scraper - INFO - Downloaded image: gpay_20250504_kq91jrdf.jpg
2025-05-04 02:13:08,081 - india_coupon_scraper - INFO - Downloaded image: zomato_20250504_1n6lrten.png
2025-05-04 02:13:10,092 - india_coupon_scraper - INFO - Searching for 'myntra' in r/CouponsIndia
2025-05-04 02:13:10,715 - india_coupon_scraper - INFO - Found 0 potential images
2025-05-04 02:13:12,720 - india_coupon_scraper - INFO - Searching for 'ajio' in r/CouponsIndia
2025-05-04 02:13:13,333 - india_coupon_scraper - INFO - Found 0 potential images
2025-05-04 02:13:15,335 - india_coupon_scraper - INFO - Searching for 'flipkart' in r/CouponsIndia
2025-05-04 02:13:16,010 - india_coupon_scraper - INFO - Found 0 potential images
2025-05-04 02:13:18,013 - india_coupon_scraper - INFO - Searching for 'amazon' in r/CouponsIndia
2025-05-04 02:13:18,711 - india_coupon_scraper - INFO - Found 0 potential images
2025-05-04 02:13:20,715 - india_coupon_scraper - INFO - Collection complete. Downloaded 34 images.
