2025-05-04 02:01:48,332 - india_coupon_pipeline - INFO - Starting data collection process
2025-05-04 02:01:48,332 - india_coupon_pipeline - INFO - Running script: python coupon-training/scripts/india_coupon_scraper.py --subreddits CouponsIndia --limit 20
2025-05-04 02:01:48,340 - india_coupon_pipeline - ERROR - Error running script india_coupon_scraper.py: [Errno 2] No such file or directory: 'python'
2025-05-04 02:01:48,340 - india_coupon_pipeline - ERROR - Data collection failed
2025-05-04 02:02:05,340 - india_coupon_pipeline - INFO - Starting data collection process
2025-05-04 02:02:05,340 - india_coupon_pipeline - INFO - Running script: python3 coupon-training/scripts/india_coupon_scraper.py --subreddits CouponsIndia --limit 20
2025-05-04 02:02:59,573 - india_coupon_pipeline - INFO - Script india_coupon_scraper.py completed successfully
2025-05-04 02:02:59,574 - india_coupon_pipeline - INFO - Data collection completed successfully
2025-05-04 02:02:59,574 - india_coupon_pipeline - INFO - Starting image preprocessing process
2025-05-04 02:02:59,574 - india_coupon_pipeline - INFO - Running script: python3 coupon-training/scripts/india_image_preprocessor.py
2025-05-04 02:03:01,841 - india_coupon_pipeline - ERROR - Script india_image_preprocessor.py failed with return code 1
2025-05-04 02:03:01,842 - india_coupon_pipeline - ERROR - 
2025-05-04 02:03:01,842 - india_coupon_pipeline - ERROR - A module that was compiled using NumPy 1.x cannot be run in
2025-05-04 02:03:01,842 - india_coupon_pipeline - ERROR - NumPy 2.1.3 as it may crash. To support both 1.x and 2.x
2025-05-04 02:03:01,842 - india_coupon_pipeline - ERROR - versions of NumPy, modules must be compiled with NumPy 2.0.
2025-05-04 02:03:01,842 - india_coupon_pipeline - ERROR - Some module may need to rebuild instead e.g. with 'pybind11>=2.12'.
2025-05-04 02:03:01,842 - india_coupon_pipeline - ERROR - 
2025-05-04 02:03:01,842 - india_coupon_pipeline - ERROR - If you are a user of the module, the easiest solution will be to
2025-05-04 02:03:01,842 - india_coupon_pipeline - ERROR - downgrade to 'numpy<2' or try to upgrade the affected module.
2025-05-04 02:03:01,842 - india_coupon_pipeline - ERROR - We expect that some modules will need time to support NumPy 2.
2025-05-04 02:03:01,842 - india_coupon_pipeline - ERROR - 
2025-05-04 02:03:01,842 - india_coupon_pipeline - ERROR - Traceback (most recent call last):  File "/Users/Personal/AndroidStudioProjects/CouponTracker3/coupon-training/scripts/india_image_preprocessor.py", line 14, in <module>
2025-05-04 02:03:01,842 - india_coupon_pipeline - ERROR - import cv2
2025-05-04 02:03:01,842 - india_coupon_pipeline - ERROR - File "/Library/Frameworks/Python.framework/Versions/3.11/lib/python3.11/site-packages/cv2/__init__.py", line 181, in <module>
2025-05-04 02:03:01,842 - india_coupon_pipeline - ERROR - bootstrap()
2025-05-04 02:03:01,842 - india_coupon_pipeline - ERROR - File "/Library/Frameworks/Python.framework/Versions/3.11/lib/python3.11/site-packages/cv2/__init__.py", line 153, in bootstrap
2025-05-04 02:03:01,843 - india_coupon_pipeline - ERROR - native_module = importlib.import_module("cv2")
2025-05-04 02:03:01,843 - india_coupon_pipeline - ERROR - File "/Library/Frameworks/Python.framework/Versions/3.11/lib/python3.11/importlib/__init__.py", line 126, in import_module
2025-05-04 02:03:01,843 - india_coupon_pipeline - ERROR - return _bootstrap._gcd_import(name[level:], package, level)
2025-05-04 02:03:01,843 - india_coupon_pipeline - ERROR - AttributeError: _ARRAY_API not found
2025-05-04 02:03:01,843 - india_coupon_pipeline - ERROR - Traceback (most recent call last):
2025-05-04 02:03:01,843 - india_coupon_pipeline - ERROR - File "/Users/Personal/AndroidStudioProjects/CouponTracker3/coupon-training/scripts/india_image_preprocessor.py", line 14, in <module>
2025-05-04 02:03:01,843 - india_coupon_pipeline - ERROR - import cv2
2025-05-04 02:03:01,843 - india_coupon_pipeline - ERROR - File "/Library/Frameworks/Python.framework/Versions/3.11/lib/python3.11/site-packages/cv2/__init__.py", line 181, in <module>
2025-05-04 02:03:01,843 - india_coupon_pipeline - ERROR - bootstrap()
2025-05-04 02:03:01,843 - india_coupon_pipeline - ERROR - File "/Library/Frameworks/Python.framework/Versions/3.11/lib/python3.11/site-packages/cv2/__init__.py", line 153, in bootstrap
2025-05-04 02:03:01,843 - india_coupon_pipeline - ERROR - native_module = importlib.import_module("cv2")
2025-05-04 02:03:01,843 - india_coupon_pipeline - ERROR - ^^^^^^^^^^^^^^^^^^^^^^^^^^^^^^
2025-05-04 02:03:01,843 - india_coupon_pipeline - ERROR - File "/Library/Frameworks/Python.framework/Versions/3.11/lib/python3.11/importlib/__init__.py", line 126, in import_module
2025-05-04 02:03:01,843 - india_coupon_pipeline - ERROR - return _bootstrap._gcd_import(name[level:], package, level)
2025-05-04 02:03:01,843 - india_coupon_pipeline - ERROR - ^^^^^^^^^^^^^^^^^^^^^^^^^^^^^^^^^^^^^^^^^^^^^^^^^^^^
2025-05-04 02:03:01,843 - india_coupon_pipeline - ERROR - ImportError: numpy.core.multiarray failed to import
2025-05-04 02:03:01,843 - india_coupon_pipeline - ERROR - Image preprocessing failed
2025-05-04 02:12:16,726 - india_coupon_pipeline - INFO - Starting data collection process
2025-05-04 02:12:16,727 - india_coupon_pipeline - INFO - Running script: python3 coupon-training/scripts/india_coupon_scraper.py --subreddits CouponsIndia --limit 10
2025-05-04 02:13:20,745 - india_coupon_pipeline - INFO - Script india_coupon_scraper.py completed successfully
2025-05-04 02:13:20,746 - india_coupon_pipeline - INFO - Data collection completed successfully
2025-05-04 02:13:20,746 - india_coupon_pipeline - INFO - Starting image preprocessing process
2025-05-04 02:13:20,746 - india_coupon_pipeline - INFO - Running script: python3 coupon-training/scripts/india_image_preprocessor.py
2025-05-04 02:13:38,466 - india_coupon_pipeline - INFO - Script india_image_preprocessor.py completed successfully
2025-05-04 02:13:38,466 - india_coupon_pipeline - INFO - Image preprocessing completed successfully
2025-05-04 02:13:38,466 - india_coupon_pipeline - INFO - Starting annotation creation process
2025-05-04 02:13:38,466 - india_coupon_pipeline - INFO - Running script: python3 coupon-training/scripts/india_annotation_helper.py
2025-05-04 02:13:39,963 - india_coupon_pipeline - INFO - Script india_annotation_helper.py completed successfully
2025-05-04 02:13:39,963 - india_coupon_pipeline - INFO - Annotation creation completed successfully
2025-05-04 02:13:39,963 - india_coupon_pipeline - INFO - Starting data augmentation process
2025-05-04 02:13:39,963 - india_coupon_pipeline - INFO - Running script: python3 coupon-training/scripts/india_data_augmentation.py --num-augmentations 2
2025-05-04 02:13:43,052 - india_coupon_pipeline - INFO - Script india_data_augmentation.py completed successfully
2025-05-04 02:13:43,053 - india_coupon_pipeline - INFO - Data augmentation completed successfully
2025-05-04 02:13:43,053 - india_coupon_pipeline - INFO - Starting training preparation process
2025-05-04 02:13:43,053 - india_coupon_pipeline - INFO - Running script: python3 coupon-training/scripts/india_model_training.py --train-split 0.7 --val-split 0.15 --test-split 0.15 --format yolo
2025-05-04 02:13:43,338 - india_coupon_pipeline - INFO - Script india_model_training.py completed successfully
2025-05-04 02:13:43,339 - india_coupon_pipeline - INFO - Training preparation completed successfully
2025-05-04 02:13:43,339 - india_coupon_pipeline - INFO - Pipeline completed successfully in 86.61 seconds
