2025-05-04 02:13:34,309 - india_image_preprocessor - INFO - Found 79 images to process
2025-05-04 02:13:34,476 - india_image_preprocessor - INFO - Processing image 1/79: coupon-training/data/reddit_india/raw/zomato/zomato_20250504_6duofmux.png
2025-05-04 02:13:34,647 - india_image_preprocessor - INFO - Processing image 2/79: coupon-training/data/reddit_india/raw/zomato/zomato_20250504_jrkyrk5i.png
2025-05-04 02:13:34,713 - india_image_preprocessor - INFO - Processing image 3/79: coupon-training/data/reddit_india/raw/zomato/zomato_20250504_1n6lrten.png
2025-05-04 02:13:34,778 - india_image_preprocessor - INFO - Processing image 4/79: coupon-training/data/reddit_india/raw/zomato/zomato_20250504_2cnhhza7.png
2025-05-04 02:13:34,845 - india_image_preprocessor - INFO - Processing image 5/79: coupon-training/data/reddit_india/raw/zomato/zomato_20250504_hpep2cok.png
2025-05-04 02:13:34,911 - india_image_preprocessor - INFO - Processing image 6/79: coupon-training/data/reddit_india/raw/zomato/zomato_20250504_twlo42j0.png
2025-05-04 02:13:34,975 - india_image_preprocessor - INFO - Processing image 7/79: coupon-training/data/reddit_india/raw/phonepe/phonepe_20250504_fzzx6p2v.jpeg
2025-05-04 02:13:35,019 - india_image_preprocessor - INFO - Processing image 8/79: coupon-training/data/reddit_india/raw/phonepe/phonepe_20250504_jbvi2iy1.jpeg
2025-05-04 02:13:35,063 - india_image_preprocessor - INFO - Processing image 9/79: coupon-training/data/reddit_india/raw/lenskart/lenskart_20250504_58181fsm.jpg
2025-05-04 02:13:35,208 - india_image_preprocessor - INFO - Processing image 10/79: coupon-training/data/reddit_india/raw/lenskart/lenskart_20250504_de2viea7.jpeg
2025-05-04 02:13:35,279 - india_image_preprocessor - INFO - Processing image 11/79: coupon-training/data/reddit_india/raw/lenskart/lenskart_20250504_1cbju9wg.jpeg
2025-05-04 02:13:35,322 - india_image_preprocessor - INFO - Processing image 12/79: coupon-training/data/reddit_india/raw/lenskart/lenskart_20250504_wbe64jkj.jpg
2025-05-04 02:13:35,442 - india_image_preprocessor - INFO - Processing image 13/79: coupon-training/data/reddit_india/raw/lenskart/lenskart_20250504_g8qrjy0j.jpg
2025-05-04 02:13:35,570 - india_image_preprocessor - INFO - Processing image 14/79: coupon-training/data/reddit_india/raw/other/other_20250504_zur280bx.jpeg
2025-05-04 02:13:35,583 - india_image_preprocessor - INFO - Processing image 15/79: coupon-training/data/reddit_india/raw/other/other_20250504_ohyunbrc.jpeg
2025-05-04 02:13:35,602 - india_image_preprocessor - INFO - Processing image 16/79: coupon-training/data/reddit_india/raw/other/other_20250504_rjwlyptd.jpg
2025-05-04 02:13:35,633 - india_image_preprocessor - INFO - Processing image 17/79: coupon-training/data/reddit_india/raw/other/other_20250504_6tiu2hsz.jpg
2025-05-04 02:13:35,663 - india_image_preprocessor - INFO - Processing image 18/79: coupon-training/data/reddit_india/raw/other/other_20250504_kb1rj7ju.jpg
2025-05-04 02:13:35,695 - india_image_preprocessor - INFO - Processing image 19/79: coupon-training/data/reddit_india/raw/other/other_20250504_f12rbn5l.jpg
2025-05-04 02:13:35,727 - india_image_preprocessor - INFO - Processing image 20/79: coupon-training/data/reddit_india/raw/other/other_20250504_kr38y5kc.jpg
2025-05-04 02:13:35,889 - india_image_preprocessor - INFO - Processing image 21/79: coupon-training/data/reddit_india/raw/other/other_20250504_1nbrnv7z.jpg
2025-05-04 02:13:35,935 - india_image_preprocessor - INFO - Processing image 22/79: coupon-training/data/reddit_india/raw/other/other_20250504_65wm5iqy.png
2025-05-04 02:13:35,982 - india_image_preprocessor - INFO - Processing image 23/79: coupon-training/data/reddit_india/raw/other/other_20250504_e199v6lu.png
2025-05-04 02:13:36,032 - india_image_preprocessor - INFO - Processing image 24/79: coupon-training/data/reddit_india/raw/other/other_20250504_fshv29ao.jpg
2025-05-04 02:13:36,076 - india_image_preprocessor - INFO - Processing image 25/79: coupon-training/data/reddit_india/raw/other/other_20250504_yvzaez5f.jpeg
2025-05-04 02:13:36,124 - india_image_preprocessor - INFO - Processing image 26/79: coupon-training/data/reddit_india/raw/other/other_20250504_wlbxdst9.jpeg
2025-05-04 02:13:36,143 - india_image_preprocessor - INFO - Processing image 27/79: coupon-training/data/reddit_india/raw/other/other_20250504_p8urt2au.jpeg
2025-05-04 02:13:36,157 - india_image_preprocessor - INFO - Processing image 28/79: coupon-training/data/reddit_india/raw/other/other_20250504_uo8jt6xf.png
2025-05-04 02:13:36,227 - india_image_preprocessor - INFO - Processing image 29/79: coupon-training/data/reddit_india/raw/other/other_20250504_5o3pouh5.png
2025-05-04 02:13:36,294 - india_image_preprocessor - INFO - Processing image 30/79: coupon-training/data/reddit_india/raw/other/other_20250504_t9byxz3g.jpg
2025-05-04 02:13:36,326 - india_image_preprocessor - INFO - Processing image 31/79: coupon-training/data/reddit_india/raw/other/other_20250504_tepie6ur.jpg
2025-05-04 02:13:36,368 - india_image_preprocessor - INFO - Processing image 32/79: coupon-training/data/reddit_india/raw/other/other_20250504_imrshqth.png
2025-05-04 02:13:36,416 - india_image_preprocessor - INFO - Processing image 33/79: coupon-training/data/reddit_india/raw/other/other_20250504_65nx861p.jpg
2025-05-04 02:13:36,447 - india_image_preprocessor - INFO - Processing image 34/79: coupon-training/data/reddit_india/raw/other/other_20250504_dtupb4th.png
2025-05-04 02:13:36,515 - india_image_preprocessor - INFO - Processing image 35/79: coupon-training/data/reddit_india/raw/other/other_20250504_xxadrucc.png
2025-05-04 02:13:36,570 - india_image_preprocessor - INFO - Processing image 36/79: coupon-training/data/reddit_india/raw/other/other_20250504_ktx1kx4q.jpeg
2025-05-04 02:13:36,613 - india_image_preprocessor - INFO - Processing image 37/79: coupon-training/data/reddit_india/raw/other/other_20250504_xu81amv6.jpg
2025-05-04 02:13:36,656 - india_image_preprocessor - INFO - Processing image 38/79: coupon-training/data/reddit_india/raw/other/other_20250504_5mrlkbtk.jpeg
2025-05-04 02:13:36,674 - india_image_preprocessor - INFO - Processing image 39/79: coupon-training/data/reddit_india/raw/other/other_20250504_g22a8nyg.png
2025-05-04 02:13:36,743 - india_image_preprocessor - INFO - Processing image 40/79: coupon-training/data/reddit_india/raw/other/other_20250504_x9ia3pw7.png
2025-05-04 02:13:36,798 - india_image_preprocessor - INFO - Processing image 41/79: coupon-training/data/reddit_india/raw/other/other_20250504_cau2w9tp.jpg
2025-05-04 02:13:36,942 - india_image_preprocessor - INFO - Processing image 42/79: coupon-training/data/reddit_india/raw/other/other_20250504_l1eb337w.png
2025-05-04 02:13:36,992 - india_image_preprocessor - INFO - Processing image 43/79: coupon-training/data/reddit_india/raw/cred/cred_20250504_5bgk75ze.jpeg
2025-05-04 02:13:37,032 - india_image_preprocessor - INFO - Processing image 44/79: coupon-training/data/reddit_india/raw/cred/cred_20250504_0b4isef5.jpeg
2025-05-04 02:13:37,074 - india_image_preprocessor - INFO - Processing image 45/79: coupon-training/data/reddit_india/raw/cred/cred_20250504_iulugwb0.jpeg
2025-05-04 02:13:37,116 - india_image_preprocessor - INFO - Processing image 46/79: coupon-training/data/reddit_india/raw/cred/cred_20250504_qxf3t0iy.jpeg
2025-05-04 02:13:37,155 - india_image_preprocessor - INFO - Processing image 47/79: coupon-training/data/reddit_india/raw/gpay/gpay_20250504_2pye4la9.jpg
2025-05-04 02:13:37,195 - india_image_preprocessor - INFO - Processing image 48/79: coupon-training/data/reddit_india/raw/gpay/gpay_20250504_caw4hb48.jpg
2025-05-04 02:13:37,236 - india_image_preprocessor - INFO - Processing image 49/79: coupon-training/data/reddit_india/raw/gpay/gpay_20250504_1lfl2yyq.jpg
2025-05-04 02:13:37,273 - india_image_preprocessor - INFO - Processing image 50/79: coupon-training/data/reddit_india/raw/gpay/gpay_20250504_54o8b641.jpg
2025-05-04 02:13:37,311 - india_image_preprocessor - INFO - Processing image 51/79: coupon-training/data/reddit_india/raw/gpay/gpay_20250504_3820pmjz.jpg
2025-05-04 02:13:37,349 - india_image_preprocessor - INFO - Processing image 52/79: coupon-training/data/reddit_india/raw/gpay/gpay_20250504_rt9puh0m.jpg
2025-05-04 02:13:37,389 - india_image_preprocessor - INFO - Processing image 53/79: coupon-training/data/reddit_india/raw/gpay/gpay_20250504_fg5ggupa.jpg
2025-05-04 02:13:37,434 - india_image_preprocessor - INFO - Processing image 54/79: coupon-training/data/reddit_india/raw/gpay/gpay_20250504_2dx01m1x.jpg
2025-05-04 02:13:37,479 - india_image_preprocessor - INFO - Processing image 55/79: coupon-training/data/reddit_india/raw/gpay/gpay_20250504_sa8gtplk.jpg
2025-05-04 02:13:37,519 - india_image_preprocessor - INFO - Processing image 56/79: coupon-training/data/reddit_india/raw/gpay/gpay_20250504_hn4qsf67.jpg
2025-05-04 02:13:37,561 - india_image_preprocessor - INFO - Processing image 57/79: coupon-training/data/reddit_india/raw/gpay/gpay_20250504_sa7li2st.jpg
2025-05-04 02:13:37,605 - india_image_preprocessor - INFO - Processing image 58/79: coupon-training/data/reddit_india/raw/gpay/gpay_20250504_wl2jneh0.jpg
2025-05-04 02:13:37,645 - india_image_preprocessor - INFO - Processing image 59/79: coupon-training/data/reddit_india/raw/gpay/gpay_20250504_8fq0rdk5.jpg
2025-05-04 02:13:37,687 - india_image_preprocessor - INFO - Processing image 60/79: coupon-training/data/reddit_india/raw/gpay/gpay_20250504_xu45on3k.jpg
2025-05-04 02:13:37,724 - india_image_preprocessor - INFO - Processing image 61/79: coupon-training/data/reddit_india/raw/gpay/gpay_20250504_mu4e7m2f.jpg
2025-05-04 02:13:37,763 - india_image_preprocessor - INFO - Processing image 62/79: coupon-training/data/reddit_india/raw/gpay/gpay_20250504_ra2byxut.jpg
2025-05-04 02:13:37,802 - india_image_preprocessor - INFO - Processing image 63/79: coupon-training/data/reddit_india/raw/gpay/gpay_20250504_3r7xblb2.jpg
2025-05-04 02:13:37,839 - india_image_preprocessor - INFO - Processing image 64/79: coupon-training/data/reddit_india/raw/gpay/gpay_20250504_uxzq6r4j.jpg
2025-05-04 02:13:37,876 - india_image_preprocessor - INFO - Processing image 65/79: coupon-training/data/reddit_india/raw/gpay/gpay_20250504_j6eid2ue.jpg
2025-05-04 02:13:37,920 - india_image_preprocessor - INFO - Processing image 66/79: coupon-training/data/reddit_india/raw/gpay/gpay_20250504_9fr50hf7.jpg
2025-05-04 02:13:37,962 - india_image_preprocessor - INFO - Processing image 67/79: coupon-training/data/reddit_india/raw/gpay/gpay_20250504_kq91jrdf.jpg
2025-05-04 02:13:38,002 - india_image_preprocessor - INFO - Processing image 68/79: coupon-training/data/reddit_india/raw/gpay/gpay_20250504_rnj4sx38.jpg
2025-05-04 02:13:38,043 - india_image_preprocessor - INFO - Processing image 69/79: coupon-training/data/reddit_india/raw/gpay/gpay_20250504_m6tsmyxt.jpg
2025-05-04 02:13:38,086 - india_image_preprocessor - INFO - Processing image 70/79: coupon-training/data/reddit_india/raw/gpay/gpay_20250504_94kmjdei.jpg
2025-05-04 02:13:38,131 - india_image_preprocessor - INFO - Processing image 71/79: coupon-training/data/reddit_india/raw/gpay/gpay_20250504_8yzk2lps.jpg
2025-05-04 02:13:38,175 - india_image_preprocessor - INFO - Processing image 72/79: coupon-training/data/reddit_india/raw/gpay/gpay_20250504_3uz9y569.jpg
2025-05-04 02:13:38,216 - india_image_preprocessor - INFO - Processing image 73/79: coupon-training/data/reddit_india/raw/gpay/gpay_20250504_0f6mctc2.jpg
2025-05-04 02:13:38,254 - india_image_preprocessor - INFO - Processing image 74/79: coupon-training/data/reddit_india/raw/swiggy/swiggy_20250504_bma3x9vf.jpeg
2025-05-04 02:13:38,286 - india_image_preprocessor - INFO - Processing image 75/79: coupon-training/data/reddit_india/raw/swiggy/swiggy_20250504_fjp1qzqm.jpeg
2025-05-04 02:13:38,315 - india_image_preprocessor - INFO - Processing image 76/79: coupon-training/data/reddit_india/raw/swiggy/swiggy_20250504_7y7ghahv.jpeg
2025-05-04 02:13:38,345 - india_image_preprocessor - INFO - Processing image 77/79: coupon-training/data/reddit_india/raw/swiggy/swiggy_20250504_sddrijhf.jpeg
2025-05-04 02:13:38,377 - india_image_preprocessor - INFO - Processing image 78/79: coupon-training/data/reddit_india/raw/swiggy/swiggy_20250504_s2vlzm06.jpeg
2025-05-04 02:13:38,407 - india_image_preprocessor - INFO - Processing image 79/79: coupon-training/data/reddit_india/raw/swiggy/swiggy_20250504_5odclpx2.jpeg
2025-05-04 02:13:38,439 - india_image_preprocessor - INFO - Preprocessing complete. Processed 79 images.
