2025-05-04 02:13:40,472 - india_data_augmentation - INFO - Found 79 annotation files to augment
2025-05-04 02:13:40,652 - india_data_augmentation - INFO - Augmenting image 1/79: coupon-training/data/reddit_india/annotated/processed_other_20250504_1nbrnv7z_annotations.json
2025-05-04 02:13:40,665 - india_data_augmentation - INFO - Augmenting image 2/79: coupon-training/data/reddit_india/annotated/processed_other_20250504_tepie6ur_annotations.json
2025-05-04 02:13:40,677 - india_data_augmentation - INFO - Augmenting image 3/79: coupon-training/data/reddit_india/annotated/processed_zomato_20250504_1n6lrten_annotations.json
2025-05-04 02:13:40,695 - india_data_augmentation - INFO - Augmenting image 4/79: coupon-training/data/reddit_india/annotated/processed_gpay_20250504_1lfl2yyq_annotations.json
2025-05-04 02:13:40,770 - india_data_augmentation - INFO - Augmenting image 5/79: coupon-training/data/reddit_india/annotated/processed_swiggy_20250504_s2vlzm06_annotations.json
2025-05-04 02:13:40,775 - india_data_augmentation - INFO - Augmenting image 6/79: coupon-training/data/reddit_india/annotated/processed_lenskart_20250504_de2viea7_annotations.json
2025-05-04 02:13:40,782 - india_data_augmentation - INFO - Augmenting image 7/79: coupon-training/data/reddit_india/annotated/processed_zomato_20250504_twlo42j0_annotations.json
2025-05-04 02:13:40,834 - india_data_augmentation - INFO - Augmenting image 8/79: coupon-training/data/reddit_india/annotated/processed_gpay_20250504_9fr50hf7_annotations.json
2025-05-04 02:13:40,848 - india_data_augmentation - INFO - Augmenting image 9/79: coupon-training/data/reddit_india/annotated/processed_other_20250504_cau2w9tp_annotations.json
2025-05-04 02:13:40,863 - india_data_augmentation - INFO - Augmenting image 10/79: coupon-training/data/reddit_india/annotated/processed_gpay_20250504_rt9puh0m_annotations.json
2025-05-04 02:13:40,878 - india_data_augmentation - INFO - Augmenting image 11/79: coupon-training/data/reddit_india/annotated/processed_other_20250504_zur280bx_annotations.json
2025-05-04 02:13:40,885 - india_data_augmentation - INFO - Augmenting image 12/79: coupon-training/data/reddit_india/annotated/processed_other_20250504_kb1rj7ju_annotations.json
2025-05-04 02:13:40,929 - india_data_augmentation - INFO - Augmenting image 13/79: coupon-training/data/reddit_india/annotated/processed_other_20250504_e199v6lu_annotations.json
2025-05-04 02:13:40,994 - india_data_augmentation - INFO - Augmenting image 14/79: coupon-training/data/reddit_india/annotated/processed_lenskart_20250504_g8qrjy0j_annotations.json
2025-05-04 02:13:41,006 - india_data_augmentation - INFO - Augmenting image 15/79: coupon-training/data/reddit_india/annotated/processed_other_20250504_wlbxdst9_annotations.json
2025-05-04 02:13:41,018 - india_data_augmentation - INFO - Augmenting image 16/79: coupon-training/data/reddit_india/annotated/processed_gpay_20250504_2dx01m1x_annotations.json
2025-05-04 02:13:41,030 - india_data_augmentation - INFO - Augmenting image 17/79: coupon-training/data/reddit_india/annotated/processed_cred_20250504_iulugwb0_annotations.json
2025-05-04 02:13:41,041 - india_data_augmentation - INFO - Augmenting image 18/79: coupon-training/data/reddit_india/annotated/processed_other_20250504_xu81amv6_annotations.json
2025-05-04 02:13:41,053 - india_data_augmentation - INFO - Augmenting image 19/79: coupon-training/data/reddit_india/annotated/processed_other_20250504_t9byxz3g_annotations.json
2025-05-04 02:13:41,064 - india_data_augmentation - INFO - Augmenting image 20/79: coupon-training/data/reddit_india/annotated/processed_other_20250504_ktx1kx4q_annotations.json
2025-05-04 02:13:41,078 - india_data_augmentation - INFO - Augmenting image 21/79: coupon-training/data/reddit_india/annotated/processed_cred_20250504_qxf3t0iy_annotations.json
2025-05-04 02:13:41,096 - india_data_augmentation - INFO - Augmenting image 22/79: coupon-training/data/reddit_india/annotated/processed_lenskart_20250504_wbe64jkj_annotations.json
2025-05-04 02:13:41,110 - india_data_augmentation - INFO - Augmenting image 23/79: coupon-training/data/reddit_india/annotated/processed_swiggy_20250504_fjp1qzqm_annotations.json
2025-05-04 02:13:41,131 - india_data_augmentation - INFO - Augmenting image 24/79: coupon-training/data/reddit_india/annotated/processed_other_20250504_fshv29ao_annotations.json
2025-05-04 02:13:41,169 - india_data_augmentation - INFO - Augmenting image 25/79: coupon-training/data/reddit_india/annotated/processed_other_20250504_65wm5iqy_annotations.json
2025-05-04 02:13:41,231 - india_data_augmentation - INFO - Augmenting image 26/79: coupon-training/data/reddit_india/annotated/processed_gpay_20250504_sa8gtplk_annotations.json
2025-05-04 02:13:41,257 - india_data_augmentation - INFO - Augmenting image 27/79: coupon-training/data/reddit_india/annotated/processed_other_20250504_p8urt2au_annotations.json
2025-05-04 02:13:41,283 - india_data_augmentation - INFO - Augmenting image 28/79: coupon-training/data/reddit_india/annotated/processed_zomato_20250504_6duofmux_annotations.json
2025-05-04 02:13:41,302 - india_data_augmentation - INFO - Augmenting image 29/79: coupon-training/data/reddit_india/annotated/processed_other_20250504_5o3pouh5_annotations.json
2025-05-04 02:13:41,329 - india_data_augmentation - INFO - Augmenting image 30/79: coupon-training/data/reddit_india/annotated/processed_cred_20250504_0b4isef5_annotations.json
2025-05-04 02:13:41,338 - india_data_augmentation - INFO - Augmenting image 31/79: coupon-training/data/reddit_india/annotated/processed_gpay_20250504_3uz9y569_annotations.json
2025-05-04 02:13:41,349 - india_data_augmentation - INFO - Augmenting image 32/79: coupon-training/data/reddit_india/annotated/processed_other_20250504_yvzaez5f_annotations.json
2025-05-04 02:13:41,361 - india_data_augmentation - INFO - Augmenting image 33/79: coupon-training/data/reddit_india/annotated/processed_gpay_20250504_3r7xblb2_annotations.json
2025-05-04 02:13:41,381 - india_data_augmentation - INFO - Augmenting image 34/79: coupon-training/data/reddit_india/annotated/processed_gpay_20250504_sa7li2st_annotations.json
2025-05-04 02:13:41,427 - india_data_augmentation - INFO - Augmenting image 35/79: coupon-training/data/reddit_india/annotated/processed_gpay_20250504_m6tsmyxt_annotations.json
2025-05-04 02:13:41,548 - india_data_augmentation - INFO - Augmenting image 36/79: coupon-training/data/reddit_india/annotated/processed_other_20250504_l1eb337w_annotations.json
2025-05-04 02:13:41,577 - india_data_augmentation - INFO - Augmenting image 37/79: coupon-training/data/reddit_india/annotated/processed_gpay_20250504_94kmjdei_annotations.json
2025-05-04 02:13:41,590 - india_data_augmentation - INFO - Augmenting image 38/79: coupon-training/data/reddit_india/annotated/processed_gpay_20250504_8fq0rdk5_annotations.json
2025-05-04 02:13:41,637 - india_data_augmentation - INFO - Augmenting image 39/79: coupon-training/data/reddit_india/annotated/processed_phonepe_20250504_fzzx6p2v_annotations.json
2025-05-04 02:13:41,651 - india_data_augmentation - INFO - Augmenting image 40/79: coupon-training/data/reddit_india/annotated/processed_other_20250504_kr38y5kc_annotations.json
2025-05-04 02:13:41,671 - india_data_augmentation - INFO - Augmenting image 41/79: coupon-training/data/reddit_india/annotated/processed_gpay_20250504_hn4qsf67_annotations.json
2025-05-04 02:13:41,684 - india_data_augmentation - INFO - Augmenting image 42/79: coupon-training/data/reddit_india/annotated/processed_swiggy_20250504_7y7ghahv_annotations.json
2025-05-04 02:13:41,697 - india_data_augmentation - INFO - Augmenting image 43/79: coupon-training/data/reddit_india/annotated/processed_gpay_20250504_kq91jrdf_annotations.json
2025-05-04 02:13:41,716 - india_data_augmentation - INFO - Augmenting image 44/79: coupon-training/data/reddit_india/annotated/processed_gpay_20250504_uxzq6r4j_annotations.json
2025-05-04 02:13:41,732 - india_data_augmentation - INFO - Augmenting image 45/79: coupon-training/data/reddit_india/annotated/processed_zomato_20250504_jrkyrk5i_annotations.json
2025-05-04 02:13:41,784 - india_data_augmentation - INFO - Augmenting image 46/79: coupon-training/data/reddit_india/annotated/processed_gpay_20250504_mu4e7m2f_annotations.json
2025-05-04 02:13:41,871 - india_data_augmentation - INFO - Augmenting image 47/79: coupon-training/data/reddit_india/annotated/processed_lenskart_20250504_1cbju9wg_annotations.json
2025-05-04 02:13:41,893 - india_data_augmentation - INFO - Augmenting image 48/79: coupon-training/data/reddit_india/annotated/processed_gpay_20250504_fg5ggupa_annotations.json
2025-05-04 02:13:41,931 - india_data_augmentation - INFO - Augmenting image 49/79: coupon-training/data/reddit_india/annotated/processed_swiggy_20250504_sddrijhf_annotations.json
2025-05-04 02:13:41,939 - india_data_augmentation - INFO - Augmenting image 50/79: coupon-training/data/reddit_india/annotated/processed_other_20250504_6tiu2hsz_annotations.json
2025-05-04 02:13:41,951 - india_data_augmentation - INFO - Augmenting image 51/79: coupon-training/data/reddit_india/annotated/processed_gpay_20250504_xu45on3k_annotations.json
2025-05-04 02:13:41,965 - india_data_augmentation - INFO - Augmenting image 52/79: coupon-training/data/reddit_india/annotated/processed_cred_20250504_5bgk75ze_annotations.json
2025-05-04 02:13:41,973 - india_data_augmentation - INFO - Augmenting image 53/79: coupon-training/data/reddit_india/annotated/processed_other_20250504_g22a8nyg_annotations.json
2025-05-04 02:13:42,000 - india_data_augmentation - INFO - Augmenting image 54/79: coupon-training/data/reddit_india/annotated/processed_gpay_20250504_ra2byxut_annotations.json
2025-05-04 02:13:42,016 - india_data_augmentation - INFO - Augmenting image 55/79: coupon-training/data/reddit_india/annotated/processed_other_20250504_f12rbn5l_annotations.json
2025-05-04 02:13:42,029 - india_data_augmentation - INFO - Augmenting image 56/79: coupon-training/data/reddit_india/annotated/processed_gpay_20250504_0f6mctc2_annotations.json
2025-05-04 02:13:42,045 - india_data_augmentation - INFO - Augmenting image 57/79: coupon-training/data/reddit_india/annotated/processed_other_20250504_dtupb4th_annotations.json
2025-05-04 02:13:42,070 - india_data_augmentation - INFO - Augmenting image 58/79: coupon-training/data/reddit_india/annotated/processed_lenskart_20250504_58181fsm_annotations.json
2025-05-04 02:13:42,085 - india_data_augmentation - INFO - Augmenting image 59/79: coupon-training/data/reddit_india/annotated/processed_zomato_20250504_2cnhhza7_annotations.json
2025-05-04 02:13:42,138 - india_data_augmentation - INFO - Augmenting image 60/79: coupon-training/data/reddit_india/annotated/processed_other_20250504_imrshqth_annotations.json
2025-05-04 02:13:42,201 - india_data_augmentation - INFO - Augmenting image 61/79: coupon-training/data/reddit_india/annotated/processed_gpay_20250504_caw4hb48_annotations.json
2025-05-04 02:13:42,280 - india_data_augmentation - INFO - Augmenting image 62/79: coupon-training/data/reddit_india/annotated/processed_other_20250504_5mrlkbtk_annotations.json
2025-05-04 02:13:42,327 - india_data_augmentation - INFO - Augmenting image 63/79: coupon-training/data/reddit_india/annotated/processed_gpay_20250504_2pye4la9_annotations.json
2025-05-04 02:13:42,344 - india_data_augmentation - INFO - Augmenting image 64/79: coupon-training/data/reddit_india/annotated/processed_other_20250504_x9ia3pw7_annotations.json
2025-05-04 02:13:42,454 - india_data_augmentation - INFO - Augmenting image 65/79: coupon-training/data/reddit_india/annotated/processed_zomato_20250504_hpep2cok_annotations.json
2025-05-04 02:13:42,476 - india_data_augmentation - INFO - Augmenting image 66/79: coupon-training/data/reddit_india/annotated/processed_gpay_20250504_54o8b641_annotations.json
2025-05-04 02:13:42,552 - india_data_augmentation - INFO - Augmenting image 67/79: coupon-training/data/reddit_india/annotated/processed_gpay_20250504_rnj4sx38_annotations.json
2025-05-04 02:13:42,624 - india_data_augmentation - INFO - Augmenting image 68/79: coupon-training/data/reddit_india/annotated/processed_gpay_20250504_j6eid2ue_annotations.json
2025-05-04 02:13:42,641 - india_data_augmentation - INFO - Augmenting image 69/79: coupon-training/data/reddit_india/annotated/processed_other_20250504_ohyunbrc_annotations.json
2025-05-04 02:13:42,680 - india_data_augmentation - INFO - Augmenting image 70/79: coupon-training/data/reddit_india/annotated/processed_gpay_20250504_3820pmjz_annotations.json
2025-05-04 02:13:42,759 - india_data_augmentation - INFO - Augmenting image 71/79: coupon-training/data/reddit_india/annotated/processed_other_20250504_uo8jt6xf_annotations.json
2025-05-04 02:13:42,786 - india_data_augmentation - INFO - Augmenting image 72/79: coupon-training/data/reddit_india/annotated/processed_phonepe_20250504_jbvi2iy1_annotations.json
2025-05-04 02:13:42,797 - india_data_augmentation - INFO - Augmenting image 73/79: coupon-training/data/reddit_india/annotated/processed_other_20250504_65nx861p_annotations.json
2025-05-04 02:13:42,811 - india_data_augmentation - INFO - Augmenting image 74/79: coupon-training/data/reddit_india/annotated/processed_other_20250504_xxadrucc_annotations.json
2025-05-04 02:13:42,861 - india_data_augmentation - INFO - Augmenting image 75/79: coupon-training/data/reddit_india/annotated/processed_swiggy_20250504_5odclpx2_annotations.json
2025-05-04 02:13:42,872 - india_data_augmentation - INFO - Augmenting image 76/79: coupon-training/data/reddit_india/annotated/processed_other_20250504_rjwlyptd_annotations.json
2025-05-04 02:13:42,921 - india_data_augmentation - INFO - Augmenting image 77/79: coupon-training/data/reddit_india/annotated/processed_swiggy_20250504_bma3x9vf_annotations.json
2025-05-04 02:13:42,931 - india_data_augmentation - INFO - Augmenting image 78/79: coupon-training/data/reddit_india/annotated/processed_gpay_20250504_wl2jneh0_annotations.json
2025-05-04 02:13:43,015 - india_data_augmentation - INFO - Augmenting image 79/79: coupon-training/data/reddit_india/annotated/processed_gpay_20250504_8yzk2lps_annotations.json
2025-05-04 02:13:43,026 - india_data_augmentation - INFO - Augmentation complete. Created 158 augmented images.
