2025-05-03 10:42:46,299 - ImprovedCouponRecognizer - INFO - Loaded configuration from /Users/Personal/AndroidStudioProjects/CouponTracker3/coupon-training/config/coupon_recognizer_config.json
2025-05-03 10:42:46,391 - ImprovedCouponRecognizer - INFO - Used adaptive pattern recognition
2025-05-03 10:42:46,536 - ResourceManager - INFO - Cleanup performed
2025-05-03 10:42:46,580 - ResourceManager - INFO - Cleanup performed
2025-05-03 10:42:57,995 - ImprovedCouponRecognizer - INFO - Loaded configuration from /Users/Personal/AndroidStudioProjects/CouponTracker3/coupon-training/config/coupon_recognizer_config.json
2025-05-03 10:42:58,074 - ImprovedCouponRecognizer - INFO - Using fixed pattern regions
2025-05-03 10:43:03,631 - CouponTracker - WARNING - Fallback method 'sharpen' failed: name 're' is not defined
2025-05-03 10:43:03,978 - CouponTracker - WARNING - Fallback method 'adaptive_threshold' failed: name 're' is not defined
2025-05-03 10:43:04,097 - CouponTracker - WARNING - Fallback method 'gaussian_blur' failed: name 're' is not defined
2025-05-03 10:43:08,551 - ImprovedCouponRecognizer - INFO - Selected description from default with confidence 0.80
2025-05-03 10:43:08,552 - ImprovedCouponRecognizer - INFO - Selected expiry from default with confidence 0.80
2025-05-03 10:43:08,552 - ImprovedCouponRecognizer - INFO - Selected store from testable with confidence 0.90
2025-05-03 10:43:08,552 - ImprovedCouponRecognizer - INFO - Selected code from testable with confidence 1.00
2025-05-03 10:43:08,552 - ImprovedCouponRecognizer - INFO - Selected amount from default with confidence 0.80
2025-05-03 10:43:08,595 - ResourceManager - INFO - Cleanup performed
2025-05-03 10:43:08,646 - ResourceManager - INFO - Cleanup performed
2025-05-03 10:44:05,050 - ImprovedCouponRecognizer - INFO - Loaded configuration from /Users/Personal/AndroidStudioProjects/CouponTracker3/coupon-training/config/coupon_recognizer_config.json
2025-05-03 10:44:05,062 - ImprovedCouponRecognizer - INFO - Using fixed pattern regions
2025-05-03 10:44:15,197 - ImprovedCouponRecognizer - INFO - Selected code from testable with confidence 1.00
2025-05-03 10:44:15,197 - ImprovedCouponRecognizer - INFO - Selected store from testable with confidence 0.90
2025-05-03 10:44:15,197 - ImprovedCouponRecognizer - INFO - Selected description from default with confidence 0.80
2025-05-03 10:44:15,197 - ImprovedCouponRecognizer - INFO - Selected amount from default with confidence 0.80
2025-05-03 10:44:15,197 - ImprovedCouponRecognizer - INFO - Selected expiry from default with confidence 0.80
2025-05-03 10:44:15,234 - ResourceManager - INFO - Cleanup performed
2025-05-03 10:44:15,266 - ResourceManager - INFO - Cleanup performed
2025-05-03 10:44:25,455 - ImprovedCouponRecognizer - INFO - Loaded configuration from /Users/Personal/AndroidStudioProjects/CouponTracker3/coupon-training/config/coupon_recognizer_config.json
2025-05-03 10:44:25,530 - ImprovedCouponRecognizer - INFO - Used adaptive pattern recognition
2025-05-03 10:44:25,623 - ResourceManager - INFO - Cleanup performed
2025-05-03 10:44:25,684 - ResourceManager - INFO - Cleanup performed
2025-05-03 10:44:45,142 - ImprovedCouponRecognizer - INFO - Loaded configuration from /Users/Personal/AndroidStudioProjects/CouponTracker3/coupon-training/config/coupon_recognizer_config.json
2025-05-03 10:44:45,170 - ImprovedCouponRecognizer - INFO - Using fixed pattern regions
2025-05-03 10:44:54,507 - ImprovedCouponRecognizer - INFO - Selected expiry from default with confidence 0.80
2025-05-03 10:44:54,507 - ImprovedCouponRecognizer - INFO - Selected store from testable with confidence 0.90
2025-05-03 10:44:54,507 - ImprovedCouponRecognizer - INFO - Selected amount from testable with confidence 0.90
2025-05-03 10:44:54,507 - ImprovedCouponRecognizer - INFO - Selected description from default with confidence 0.80
2025-05-03 10:44:54,507 - ImprovedCouponRecognizer - INFO - Selected code from testable with confidence 1.00
2025-05-03 10:44:54,546 - ResourceManager - INFO - Cleanup performed
2025-05-03 10:44:54,574 - ResourceManager - INFO - Cleanup performed
2025-05-03 10:45:03,102 - ImprovedCouponRecognizer - INFO - Loaded configuration from /Users/Personal/AndroidStudioProjects/CouponTracker3/coupon-training/config/coupon_recognizer_config.json
2025-05-03 10:45:03,116 - ImprovedCouponRecognizer - INFO - Using fixed pattern regions
2025-05-03 10:45:13,435 - ImprovedCouponRecognizer - INFO - Selected description from default with confidence 0.80
2025-05-03 10:45:13,435 - ImprovedCouponRecognizer - INFO - Selected store from gaussian_blur with confidence 0.44
2025-05-03 10:45:13,435 - ImprovedCouponRecognizer - INFO - Selected code from testable with confidence 1.00
2025-05-03 10:45:13,435 - ImprovedCouponRecognizer - INFO - Selected amount from default with confidence 0.80
2025-05-03 10:45:13,435 - ImprovedCouponRecognizer - INFO - Selected expiry from default with confidence 0.80
2025-05-03 10:45:13,475 - ResourceManager - INFO - Cleanup performed
2025-05-03 10:45:13,512 - ResourceManager - INFO - Cleanup performed
2025-05-03 10:45:22,240 - ImprovedCouponRecognizer - INFO - Loaded configuration from /Users/Personal/AndroidStudioProjects/CouponTracker3/coupon-training/config/coupon_recognizer_config.json
2025-05-03 10:45:22,250 - ImprovedCouponRecognizer - INFO - Using fixed pattern regions
2025-05-03 10:45:31,945 - ImprovedCouponRecognizer - INFO - Selected amount from default with confidence 0.80
2025-05-03 10:45:31,945 - ImprovedCouponRecognizer - INFO - Selected store from testable with confidence 0.90
2025-05-03 10:45:31,945 - ImprovedCouponRecognizer - INFO - Selected code from testable with confidence 1.00
2025-05-03 10:45:31,945 - ImprovedCouponRecognizer - INFO - Selected expiry from default with confidence 0.80
2025-05-03 10:45:31,945 - ImprovedCouponRecognizer - INFO - Selected description from default with confidence 0.80
2025-05-03 10:45:31,992 - ResourceManager - INFO - Cleanup performed
2025-05-03 10:45:32,022 - ResourceManager - INFO - Cleanup performed
